Unable to capture context for thread 5628 in process 3452, can not generate back trace
Unable to capture context for thread 13360 in process 3452, can not generate back trace
Unable to capture context for thread 28292 in process 3452, can not generate back trace
Unable to capture context for thread 21876 in process 3452, can not generate back trace
Unable to capture context for thread 9116 in process 3452, can not generate back trace
Unable to capture context for thread 1920 in process 3452, can not generate back trace
Unable to capture context for thread 5864 in process 3452, can not generate back trace
Unable to capture context for thread 19108 in process 3452, can not generate back trace
Exception at PC 0x00007FFC102ECD29
Exception at PC 0x00007FFB432EE132
Attemped to write at address 0x00007FFBBF014AA4
Printing stacktrace...

[0]  [0x00007FFB432EE132]
[1]  [0x00007FFB432EE132]
[2]  [0x00007FFB432EE194]
[3]  [0x00007FFB42F3D0D7]
[4]  [0x00007FFB42E22BCA]
[5]  [0x00007FFB42E22FD1]
[6]  [0x00007FFB432EEB2F]
[7]  [0x00007FFB431AC19D]
[8]  [0x00007FFB431A5942]
[9]  [0x00007FFB431A5AB5]
[10] (RtlActivateActivationContextUnsafeFast+0x11d) [0x00007FFC12809A1D]
[11] (LdrShutdownProcess+0x24c) [0x00007FFC1284DCEC]
[12] (RtlExitUserProcess+0xad) [0x00007FFC1284DA7D]
[13] (FatalExit+0xb) [0x00007FFC1189E86B]
[14] (exit+0x85) [0x00007FFC1274A155]
[15] (initterm_e+0x245) [0x00007FFC1274A7C5]
[16]  [0x00000000004014CD]
[17]  [0x000000000040151B]
[18] (BaseThreadInitThunk+0x14) [0x00007FFC11897614]
[19] (RtlUserThreadStart+0x21) [0x00007FFC128426A1]
Done
