
;
; Created on Mon Feb 27 15:04:29 2023 with ECE 449 assembler v1.11 (16 bit).
;
;Header Section
RADIX 10
DEPTH 512
WIDTH 16
DEFAULT 0
;
; Data Section
; Specifies data to be stored in different addresses
; e.g., DATA 0:A, 1:0
;
RADIX 16
DATA 
                          , -- .DATA
                          , -- .CODE
0000 => "0000000000000000", -- 0000 - 0000   NOP                    
0002 => "0000000000000000", -- 0002 - 0000   NOP                    
0004 => "0000000000000000", -- 0004 - 0000   NOP                    
0006 => "0100001001000000", -- 0006 - 4240   IN            r1       
0008 => "0100001010000000", -- 0008 - 4280   IN            r2       
0010 => "0000000000000000", -- 000A - 0000   NOP                    
0012 => "0000000000000000", -- 000C - 0000   NOP                    
0014 => "0000000000000000", -- 000E - 0000   NOP                    
0016 => "0000000000000000", -- 0010 - 0000   NOP                    
0018 => "0000001011010001", -- 0012 - 02D1   ADD           r3,r2,r1 
0020 => "0000000000000000", -- 0014 - 0000   NOP                    
0022 => "0000000000000000", -- 0016 - 0000   NOP                    
0024 => "0000000000000000", -- 0018 - 0000   NOP                    
0026 => "0000000000000000", -- 001A - 0000   NOP                    
0028 => "0000101011000010", -- 001C - 0AC2   SHL           r3,2     
0030 => "0000000000000000", -- 001E - 0000   NOP                    
0032 => "0000000000000000", -- 0020 - 0000   NOP                    
0034 => "0000000000000000", -- 0022 - 0000   NOP                    
0036 => "0000000000000000", -- 0024 - 0000   NOP                    
0038 => "0000011010001011", -- 0026 - 068B   MUL           r2,r1,r3 
0040 => "0000000000000000", -- 0028 - 0000   NOP                    
0042 => "0000000000000000", -- 002A - 0000   NOP                    
0044 => "0000000000000000", -- 002C - 0000   NOP                    
0046 => "0000000000000000", -- 002E - 0000   NOP                    
0048 => "0100000010000000", -- 0030 - 4080   OUT           r2       
0050 => "0000000000000000", -- 0032 - 0000   NOP                    


-------------------------------------------------------
Symbol Table:
CODE      0 (0000)

