#-----------------------------------------------------------
# Vivado v2017.4 (64-bit)
# SW Build 2086221 on Fri Dec 15 20:55:39 MST 2017
# IP Build 2085800 on Fri Dec 15 22:25:07 MST 2017
# Start of session at: Mon Mar 13 15:57:05 2023
# Process ID: 75124
# Current directory: F:/GitHub/ECE_449/ECE449_16bitCPU/Project_Files/Top_Level_CPU
# Command line: vivado.exe -gui_launcher_event rodinguilauncherevent76528 F:\GitHub\ECE_449\ECE449_16bitCPU\Project_Files\Top_Level_CPU\Top_Level_CPU.xpr
# Log file: F:/GitHub/ECE_449/ECE449_16bitCPU/Project_Files/Top_Level_CPU/vivado.log
# Journal file: F:/GitHub/ECE_449/ECE449_16bitCPU/Project_Files/Top_Level_CPU\vivado.jou
#-----------------------------------------------------------
start_gui
open_project F:/GitHub/ECE_449/ECE449_16bitCPU/Project_Files/Top_Level_CPU/Top_Level_CPU.xpr
INFO: [Project 1-313] Project file moved from 'F:/GitHub/ECE_449/ECE449_16bitCPU/Project/Top_Level_CPU' since last save.
CRITICAL WARNING: [Project 1-311] Could not find the file 'F:/GitHub/ECE_449/ECE449_16bitCPU/Project_Files/Top_Level_CPU/Top_Level_CPU.srcs/sources_1/new/Format_B.mem', nor could it be found using path 'F:/GitHub/ECE_449/ECE449_16bitCPU/Project/Top_Level_CPU/Top_Level_CPU.srcs/sources_1/new/Format_B.mem'.
Scanning sources...
Finished scanning sources
INFO: [IP_Flow 19-234] Refreshing IP repositories
INFO: [IP_Flow 19-1704] No user IP repositories specified
INFO: [IP_Flow 19-2313] Loaded Vivado IP repository 'C:/Xilinx/Vivado/2017.4/data/ip'.
update_compile_order -fileset sources_1
update_compile_order -fileset sources_1
update_compile_order -fileset sources_1
update_compile_order -fileset sources_1
update_compile_order -fileset sources_1
update_compile_order -fileset sources_1
exit
INFO: [Common 17-206] Exiting Vivado at Mon Mar 13 17:05:07 2023...
